running develop
Removing /home/lenovoi/Projects/My-Projects/simple-turtlesim-game/install/game_one/lib/python3.12/site-packages/game-one.egg-link (link to .)
running egg_info
writing ../../build/game_one/game_one.egg-info/PKG-INFO
writing dependency_links to ../../build/game_one/game_one.egg-info/dependency_links.txt
writing entry points to ../../build/game_one/game_one.egg-info/entry_points.txt
writing requirements to ../../build/game_one/game_one.egg-info/requires.txt
writing top-level names to ../../build/game_one/game_one.egg-info/top_level.txt
reading manifest file '../../build/game_one/game_one.egg-info/SOURCES.txt'
writing manifest file '../../build/game_one/game_one.egg-info/SOURCES.txt'
running build
running build_py
creating /home/lenovoi/Projects/My-Projects/simple-turtlesim-game/build/game_one/build
creating /home/lenovoi/Projects/My-Projects/simple-turtlesim-game/build/game_one/build/lib
creating /home/lenovoi/Projects/My-Projects/simple-turtlesim-game/build/game_one/build/lib/game_one
copying game_one/__init__.py -> /home/lenovoi/Projects/My-Projects/simple-turtlesim-game/build/game_one/build/lib/game_one
copying game_one/game_one.py -> /home/lenovoi/Projects/My-Projects/simple-turtlesim-game/build/game_one/build/lib/game_one
running install
running install_lib
creating /home/lenovoi/Projects/My-Projects/simple-turtlesim-game/install/game_one/lib/python3.12/site-packages/game_one
copying /home/lenovoi/Projects/My-Projects/simple-turtlesim-game/build/game_one/build/lib/game_one/__init__.py -> /home/lenovoi/Projects/My-Projects/simple-turtlesim-game/install/game_one/lib/python3.12/site-packages/game_one
copying /home/lenovoi/Projects/My-Projects/simple-turtlesim-game/build/game_one/build/lib/game_one/game_one.py -> /home/lenovoi/Projects/My-Projects/simple-turtlesim-game/install/game_one/lib/python3.12/site-packages/game_one
byte-compiling /home/lenovoi/Projects/My-Projects/simple-turtlesim-game/install/game_one/lib/python3.12/site-packages/game_one/__init__.py to __init__.cpython-312.pyc
byte-compiling /home/lenovoi/Projects/My-Projects/simple-turtlesim-game/install/game_one/lib/python3.12/site-packages/game_one/game_one.py to game_one.cpython-312.pyc
running install_data
copying resource/game_one -> /home/lenovoi/Projects/My-Projects/simple-turtlesim-game/install/game_one/share/ament_index/resource_index/packages
copying package.xml -> /home/lenovoi/Projects/My-Projects/simple-turtlesim-game/install/game_one/share/game_one
running install_egg_info
Copying ../../build/game_one/game_one.egg-info to /home/lenovoi/Projects/My-Projects/simple-turtlesim-game/install/game_one/lib/python3.12/site-packages/game_one-0.0.0-py3.12.egg-info
running install_scripts
Installing game_one script to /home/lenovoi/Projects/My-Projects/simple-turtlesim-game/install/game_one/lib/game_one
writing list of installed files to '/home/lenovoi/Projects/My-Projects/simple-turtlesim-game/build/game_one/install.log'
