[1.300s] Invoking command in '/home/lenovoi/Projects/My-Projects/simple-turtlesim-game/build/game_one': DEBUGINFOD_URLS=https://debuginfod.ubuntu.com PYTHONPATH=/home/lenovoi/Projects/My-Projects/simple-turtlesim-game/build/game_one/prefix_override:/usr/lib/python3/dist-packages/colcon_core/task/python/colcon_distutils_commands:/home/lenovoi/Projects/My-Projects/simple-turtlesim-game/install/game_one/lib/python3.12/site-packages:${PYTHONPATH} /usr/bin/python3 -W ignore:setup.py install is deprecated -W ignore:easy_install command is deprecated setup.py develop --uninstall --editable --build-directory /home/lenovoi/Projects/My-Projects/simple-turtlesim-game/build/game_one/build
[1.582s] running develop
[1.768s] Removing /home/lenovoi/Projects/My-Projects/simple-turtlesim-game/install/game_one/lib/python3.12/site-packages/game-one.egg-link (link to .)
[1.806s] Invoked command in '/home/lenovoi/Projects/My-Projects/simple-turtlesim-game/build/game_one' returned '0': DEBUGINFOD_URLS=https://debuginfod.ubuntu.com PYTHONPATH=/home/lenovoi/Projects/My-Projects/simple-turtlesim-game/build/game_one/prefix_override:/usr/lib/python3/dist-packages/colcon_core/task/python/colcon_distutils_commands:/home/lenovoi/Projects/My-Projects/simple-turtlesim-game/install/game_one/lib/python3.12/site-packages:${PYTHONPATH} /usr/bin/python3 -W ignore:setup.py install is deprecated -W ignore:easy_install command is deprecated setup.py develop --uninstall --editable --build-directory /home/lenovoi/Projects/My-Projects/simple-turtlesim-game/build/game_one/build
[1.808s] Invoking command in '/home/lenovoi/Projects/My-Projects/simple-turtlesim-game/src/game_one': DEBUGINFOD_URLS=https://debuginfod.ubuntu.com PYTHONPATH=/home/lenovoi/Projects/My-Projects/simple-turtlesim-game/build/game_one/prefix_override:/usr/lib/python3/dist-packages/colcon_core/task/python/colcon_distutils_commands:/home/lenovoi/Projects/My-Projects/simple-turtlesim-game/install/game_one/lib/python3.12/site-packages:${PYTHONPATH} /usr/bin/python3 -W ignore:setup.py install is deprecated -W ignore:easy_install command is deprecated setup.py egg_info --egg-base ../../build/game_one build --build-base /home/lenovoi/Projects/My-Projects/simple-turtlesim-game/build/game_one/build install --record /home/lenovoi/Projects/My-Projects/simple-turtlesim-game/build/game_one/install.log --single-version-externally-managed install_data --force
[2.051s] running egg_info
[2.068s] writing ../../build/game_one/game_one.egg-info/PKG-INFO
[2.068s] writing dependency_links to ../../build/game_one/game_one.egg-info/dependency_links.txt
[2.068s] writing entry points to ../../build/game_one/game_one.egg-info/entry_points.txt
[2.068s] writing requirements to ../../build/game_one/game_one.egg-info/requires.txt
[2.069s] writing top-level names to ../../build/game_one/game_one.egg-info/top_level.txt
[2.102s] reading manifest file '../../build/game_one/game_one.egg-info/SOURCES.txt'
[2.103s] writing manifest file '../../build/game_one/game_one.egg-info/SOURCES.txt'
[2.103s] running build
[2.103s] running build_py
[2.103s] creating /home/lenovoi/Projects/My-Projects/simple-turtlesim-game/build/game_one/build
[2.104s] creating /home/lenovoi/Projects/My-Projects/simple-turtlesim-game/build/game_one/build/lib
[2.104s] creating /home/lenovoi/Projects/My-Projects/simple-turtlesim-game/build/game_one/build/lib/game_one
[2.104s] copying game_one/__init__.py -> /home/lenovoi/Projects/My-Projects/simple-turtlesim-game/build/game_one/build/lib/game_one
[2.104s] copying game_one/game_one.py -> /home/lenovoi/Projects/My-Projects/simple-turtlesim-game/build/game_one/build/lib/game_one
[2.104s] running install
[2.108s] running install_lib
[2.126s] creating /home/lenovoi/Projects/My-Projects/simple-turtlesim-game/install/game_one/lib/python3.12/site-packages/game_one
[2.126s] copying /home/lenovoi/Projects/My-Projects/simple-turtlesim-game/build/game_one/build/lib/game_one/__init__.py -> /home/lenovoi/Projects/My-Projects/simple-turtlesim-game/install/game_one/lib/python3.12/site-packages/game_one
[2.126s] copying /home/lenovoi/Projects/My-Projects/simple-turtlesim-game/build/game_one/build/lib/game_one/game_one.py -> /home/lenovoi/Projects/My-Projects/simple-turtlesim-game/install/game_one/lib/python3.12/site-packages/game_one
[2.126s] byte-compiling /home/lenovoi/Projects/My-Projects/simple-turtlesim-game/install/game_one/lib/python3.12/site-packages/game_one/__init__.py to __init__.cpython-312.pyc
[2.126s] byte-compiling /home/lenovoi/Projects/My-Projects/simple-turtlesim-game/install/game_one/lib/python3.12/site-packages/game_one/game_one.py to game_one.cpython-312.pyc
[2.127s] running install_data
[2.127s] copying resource/game_one -> /home/lenovoi/Projects/My-Projects/simple-turtlesim-game/install/game_one/share/ament_index/resource_index/packages
[2.127s] copying package.xml -> /home/lenovoi/Projects/My-Projects/simple-turtlesim-game/install/game_one/share/game_one
[2.128s] running install_egg_info
[2.146s] Copying ../../build/game_one/game_one.egg-info to /home/lenovoi/Projects/My-Projects/simple-turtlesim-game/install/game_one/lib/python3.12/site-packages/game_one-0.0.0-py3.12.egg-info
[2.147s] running install_scripts
[2.267s] Installing game_one script to /home/lenovoi/Projects/My-Projects/simple-turtlesim-game/install/game_one/lib/game_one
[2.267s] writing list of installed files to '/home/lenovoi/Projects/My-Projects/simple-turtlesim-game/build/game_one/install.log'
[2.292s] Invoked command in '/home/lenovoi/Projects/My-Projects/simple-turtlesim-game/src/game_one' returned '0': DEBUGINFOD_URLS=https://debuginfod.ubuntu.com PYTHONPATH=/home/lenovoi/Projects/My-Projects/simple-turtlesim-game/build/game_one/prefix_override:/usr/lib/python3/dist-packages/colcon_core/task/python/colcon_distutils_commands:/home/lenovoi/Projects/My-Projects/simple-turtlesim-game/install/game_one/lib/python3.12/site-packages:${PYTHONPATH} /usr/bin/python3 -W ignore:setup.py install is deprecated -W ignore:easy_install command is deprecated setup.py egg_info --egg-base ../../build/game_one build --build-base /home/lenovoi/Projects/My-Projects/simple-turtlesim-game/build/game_one/build install --record /home/lenovoi/Projects/My-Projects/simple-turtlesim-game/build/game_one/install.log --single-version-externally-managed install_data --force
