running egg_info
writing ../../build/game_one/game_one.egg-info/PKG-INFO
writing dependency_links to ../../build/game_one/game_one.egg-info/dependency_links.txt
writing entry points to ../../build/game_one/game_one.egg-info/entry_points.txt
writing requirements to ../../build/game_one/game_one.egg-info/requires.txt
writing top-level names to ../../build/game_one/game_one.egg-info/top_level.txt
reading manifest file '../../build/game_one/game_one.egg-info/SOURCES.txt'
writing manifest file '../../build/game_one/game_one.egg-info/SOURCES.txt'
running build
running build_py
copying game_one/game_one.py -> /home/lenovoi/Projects/My-Projects/simple-turtlesim-game/build/game_one/build/lib/game_one
running install
running install_lib
copying /home/lenovoi/Projects/My-Projects/simple-turtlesim-game/build/game_one/build/lib/game_one/game_one.py -> /home/lenovoi/Projects/My-Projects/simple-turtlesim-game/install/game_one/lib/python3.12/site-packages/game_one
byte-compiling /home/lenovoi/Projects/My-Projects/simple-turtlesim-game/install/game_one/lib/python3.12/site-packages/game_one/game_one.py to game_one.cpython-312.pyc
running install_data
copying package.xml -> /home/lenovoi/Projects/My-Projects/simple-turtlesim-game/install/game_one/share/game_one
creating /home/lenovoi/Projects/My-Projects/simple-turtlesim-game/install/game_one/share/game_one/launch
copying launch/game_launch.py -> /home/lenovoi/Projects/My-Projects/simple-turtlesim-game/install/game_one/share/game_one/launch
running install_egg_info
Copying ../../build/game_one/game_one.egg-info to /home/lenovoi/Projects/My-Projects/simple-turtlesim-game/install/game_one/lib/python3.12/site-packages/game_one-1.0.0-py3.12.egg-info
running install_scripts
Installing game_one script to /home/lenovoi/Projects/My-Projects/simple-turtlesim-game/install/game_one/lib/game_one
writing list of installed files to '/home/lenovoi/Projects/My-Projects/simple-turtlesim-game/build/game_one/install.log'
