[1.424s] Invoking command in '/home/lenovoi/Projects/My-Projects/simple-turtlesim-game/src/game_one': DEBUGINFOD_URLS=https://debuginfod.ubuntu.com PYTHONPATH=/home/lenovoi/Projects/My-Projects/simple-turtlesim-game/build/game_one/prefix_override:/usr/lib/python3/dist-packages/colcon_core/task/python/colcon_distutils_commands:/home/lenovoi/Projects/My-Projects/simple-turtlesim-game/install/game_one/lib/python3.12/site-packages:${PYTHONPATH} /usr/bin/python3 -W ignore:setup.py install is deprecated -W ignore:easy_install command is deprecated setup.py egg_info --egg-base ../../build/game_one build --build-base /home/lenovoi/Projects/My-Projects/simple-turtlesim-game/build/game_one/build install --record /home/lenovoi/Projects/My-Projects/simple-turtlesim-game/build/game_one/install.log --single-version-externally-managed install_data
[1.666s] running egg_info
[1.683s] writing ../../build/game_one/game_one.egg-info/PKG-INFO
[1.684s] writing dependency_links to ../../build/game_one/game_one.egg-info/dependency_links.txt
[1.684s] writing entry points to ../../build/game_one/game_one.egg-info/entry_points.txt
[1.684s] writing requirements to ../../build/game_one/game_one.egg-info/requires.txt
[1.684s] writing top-level names to ../../build/game_one/game_one.egg-info/top_level.txt
[1.719s] reading manifest file '../../build/game_one/game_one.egg-info/SOURCES.txt'
[1.719s] writing manifest file '../../build/game_one/game_one.egg-info/SOURCES.txt'
[1.720s] running build
[1.720s] running build_py
[1.720s] copying game_one/game_one.py -> /home/lenovoi/Projects/My-Projects/simple-turtlesim-game/build/game_one/build/lib/game_one
[1.720s] running install
[1.726s] running install_lib
[1.745s] copying /home/lenovoi/Projects/My-Projects/simple-turtlesim-game/build/game_one/build/lib/game_one/game_one.py -> /home/lenovoi/Projects/My-Projects/simple-turtlesim-game/install/game_one/lib/python3.12/site-packages/game_one
[1.746s] byte-compiling /home/lenovoi/Projects/My-Projects/simple-turtlesim-game/install/game_one/lib/python3.12/site-packages/game_one/game_one.py to game_one.cpython-312.pyc
[1.747s] running install_data
[1.747s] copying package.xml -> /home/lenovoi/Projects/My-Projects/simple-turtlesim-game/install/game_one/share/game_one
[1.747s] creating /home/lenovoi/Projects/My-Projects/simple-turtlesim-game/install/game_one/share/game_one/launch
[1.747s] copying launch/game_launch.py -> /home/lenovoi/Projects/My-Projects/simple-turtlesim-game/install/game_one/share/game_one/launch
[1.747s] running install_egg_info
[1.766s] Copying ../../build/game_one/game_one.egg-info to /home/lenovoi/Projects/My-Projects/simple-turtlesim-game/install/game_one/lib/python3.12/site-packages/game_one-1.0.0-py3.12.egg-info
[1.767s] running install_scripts
[1.900s] Installing game_one script to /home/lenovoi/Projects/My-Projects/simple-turtlesim-game/install/game_one/lib/game_one
[1.901s] writing list of installed files to '/home/lenovoi/Projects/My-Projects/simple-turtlesim-game/build/game_one/install.log'
[1.949s] Invoked command in '/home/lenovoi/Projects/My-Projects/simple-turtlesim-game/src/game_one' returned '0': DEBUGINFOD_URLS=https://debuginfod.ubuntu.com PYTHONPATH=/home/lenovoi/Projects/My-Projects/simple-turtlesim-game/build/game_one/prefix_override:/usr/lib/python3/dist-packages/colcon_core/task/python/colcon_distutils_commands:/home/lenovoi/Projects/My-Projects/simple-turtlesim-game/install/game_one/lib/python3.12/site-packages:${PYTHONPATH} /usr/bin/python3 -W ignore:setup.py install is deprecated -W ignore:easy_install command is deprecated setup.py egg_info --egg-base ../../build/game_one build --build-base /home/lenovoi/Projects/My-Projects/simple-turtlesim-game/build/game_one/build install --record /home/lenovoi/Projects/My-Projects/simple-turtlesim-game/build/game_one/install.log --single-version-externally-managed install_data
