[1.481s] Invoking command in '/home/lenovoi/Projects/My-Projects/simple-turtlesim-game/src/game_one': DEBUGINFOD_URLS=https://debuginfod.ubuntu.com PYTHONPATH=/home/lenovoi/Projects/My-Projects/simple-turtlesim-game/build/game_one/prefix_override:/usr/lib/python3/dist-packages/colcon_core/task/python/colcon_distutils_commands:/home/lenovoi/Projects/My-Projects/simple-turtlesim-game/install/game_one/lib/python3.12/site-packages:${PYTHONPATH} /usr/bin/python3 -W ignore:setup.py install is deprecated -W ignore:easy_install command is deprecated setup.py egg_info --egg-base ../../build/game_one build --build-base /home/lenovoi/Projects/My-Projects/simple-turtlesim-game/build/game_one/build install --record /home/lenovoi/Projects/My-Projects/simple-turtlesim-game/build/game_one/install.log --single-version-externally-managed install_data
[1.729s] running egg_info
[1.747s] writing ../../build/game_one/game_one.egg-info/PKG-INFO
[1.747s] writing dependency_links to ../../build/game_one/game_one.egg-info/dependency_links.txt
[1.748s] writing entry points to ../../build/game_one/game_one.egg-info/entry_points.txt
[1.748s] writing requirements to ../../build/game_one/game_one.egg-info/requires.txt
[1.748s] writing top-level names to ../../build/game_one/game_one.egg-info/top_level.txt
[1.785s] reading manifest file '../../build/game_one/game_one.egg-info/SOURCES.txt'
[1.786s] writing manifest file '../../build/game_one/game_one.egg-info/SOURCES.txt'
[1.786s] running build
[1.786s] running build_py
[1.787s] running install
[1.792s] running install_lib
[1.811s] running install_data
[1.812s] copying launch/game_launch.py -> /home/lenovoi/Projects/My-Projects/simple-turtlesim-game/install/game_one/share/game_one/launch
[1.812s] running install_egg_info
[1.834s] removing '/home/lenovoi/Projects/My-Projects/simple-turtlesim-game/install/game_one/lib/python3.12/site-packages/game_one-1.0.0-py3.12.egg-info' (and everything under it)
[1.834s] Copying ../../build/game_one/game_one.egg-info to /home/lenovoi/Projects/My-Projects/simple-turtlesim-game/install/game_one/lib/python3.12/site-packages/game_one-1.0.0-py3.12.egg-info
[1.835s] running install_scripts
[1.970s] Installing game_one script to /home/lenovoi/Projects/My-Projects/simple-turtlesim-game/install/game_one/lib/game_one
[1.971s] writing list of installed files to '/home/lenovoi/Projects/My-Projects/simple-turtlesim-game/build/game_one/install.log'
[2.023s] Invoked command in '/home/lenovoi/Projects/My-Projects/simple-turtlesim-game/src/game_one' returned '0': DEBUGINFOD_URLS=https://debuginfod.ubuntu.com PYTHONPATH=/home/lenovoi/Projects/My-Projects/simple-turtlesim-game/build/game_one/prefix_override:/usr/lib/python3/dist-packages/colcon_core/task/python/colcon_distutils_commands:/home/lenovoi/Projects/My-Projects/simple-turtlesim-game/install/game_one/lib/python3.12/site-packages:${PYTHONPATH} /usr/bin/python3 -W ignore:setup.py install is deprecated -W ignore:easy_install command is deprecated setup.py egg_info --egg-base ../../build/game_one build --build-base /home/lenovoi/Projects/My-Projects/simple-turtlesim-game/build/game_one/build install --record /home/lenovoi/Projects/My-Projects/simple-turtlesim-game/build/game_one/install.log --single-version-externally-managed install_data
